Flow report for vending_machine
Thu Jan 05 16:08:43 2017
Quartus II 64-Bit Version 13.1.0 Build 162 10/23/2013 SJ Full Version


---------------------
; Table of Contents ;
---------------------
  1. Legal Notice
  2. Flow Summary
  3. Flow Settings
  4. Flow Non-Default Global Settings
  5. Flow Elapsed Time
  6. Flow OS Summary
  7. Flow Log
  8. Flow Messages
  9. Flow Suppressed Messages



----------------
; Legal Notice ;
----------------
Copyright (C) 1991-2013 Altera Corporation
Your use of Altera Corporation's design tools, logic functions 
and other software and tools, and its AMPP partner logic 
functions, and any output files from any of the foregoing 
(including device programming or simulation files), and any 
associated documentation or information are expressly subject 
to the terms and conditions of the Altera Program License 
Subscription Agreement, Altera MegaCore Function License 
Agreement, or other applicable license agreement, including, 
without limitation, that your use is for the sole purpose of 
programming logic devices manufactured by Altera and sold by 
Altera or its authorized distributors.  Please refer to the 
applicable agreement for further details.



+-------------------------------------------------------------------------------+
; Flow Summary                                                                  ;
+---------------------------------+---------------------------------------------+
; Flow Status                     ; Successful - Thu Jan 05 16:08:43 2017       ;
; Quartus II 64-Bit Version       ; 13.1.0 Build 162 10/23/2013 SJ Full Version ;
; Revision Name                   ; vending_machine                             ;
; Top-level Entity Name           ; vending_machine                             ;
; Family                          ; Cyclone V                                   ;
; Device                          ; 5CSEMA5F31C6                                ;
; Timing Models                   ; Preliminary                                 ;
; Logic utilization (in ALMs)     ; 75 / 32,070 ( < 1 % )                       ;
; Total registers                 ; 49                                          ;
; Total pins                      ; 53 / 457 ( 12 % )                           ;
; Total virtual pins              ; 0                                           ;
; Total block memory bits         ; 0 / 4,065,280 ( 0 % )                       ;
; Total DSP Blocks                ; 0 / 87 ( 0 % )                              ;
; Total HSSI RX PCSs              ; 0                                           ;
; Total HSSI PMA RX Deserializers ; 0                                           ;
; Total HSSI TX PCSs              ; 0                                           ;
; Total HSSI TX Channels          ; 0                                           ;
; Total PLLs                      ; 0 / 6 ( 0 % )                               ;
; Total DLLs                      ; 0 / 4 ( 0 % )                               ;
+---------------------------------+---------------------------------------------+


+-----------------------------------------+
; Flow Settings                           ;
+-------------------+---------------------+
; Option            ; Setting             ;
+-------------------+---------------------+
; Start date & time ; 01/05/2017 16:07:10 ;
; Main task         ; Compilation         ;
; Revision Name     ; vending_machine     ;
+-------------------+---------------------+


+---------------------------------------------------------------------------------------------------------------------------------------+
; Flow Non-Default Global Settings                                                                                                      ;
+--------------------------------------+----------------------------------------+---------------+-------------+-------------------------+
; Assignment Name                      ; Value                                  ; Default Value ; Entity Name ; Section Id              ;
+--------------------------------------+----------------------------------------+---------------+-------------+-------------------------+
; COMPILER_SIGNATURE_ID                ; 273406397339897.148360363020724        ; --            ; --          ; --                      ;
; EDA_DESIGN_INSTANCE_NAME             ; NA                                     ; --            ; --          ; vending_machine_vlg_tst ;
; EDA_NATIVELINK_SIMULATION_TEST_BENCH ; vending_machine_vlg_tst                ; --            ; --          ; eda_simulation          ;
; EDA_OUTPUT_DATA_FORMAT               ; Verilog Hdl                            ; --            ; --          ; eda_simulation          ;
; EDA_SIMULATION_TOOL                  ; ModelSim-Altera (Verilog)              ; <None>        ; --          ; --                      ;
; EDA_TEST_BENCH_ENABLE_STATUS         ; TEST_BENCH_MODE                        ; --            ; --          ; eda_simulation          ;
; EDA_TEST_BENCH_FILE                  ; simulation/modelsim/vending_machine.vt ; --            ; --          ; vending_machine_vlg_tst ;
; EDA_TEST_BENCH_MODULE_NAME           ; vending_machine_vlg_tst                ; --            ; --          ; vending_machine_vlg_tst ;
; EDA_TEST_BENCH_NAME                  ; vending_machine_vlg_tst                ; --            ; --          ; eda_simulation          ;
; EDA_TIME_SCALE                       ; 1 ps                                   ; --            ; --          ; eda_simulation          ;
; MAX_CORE_JUNCTION_TEMP               ; 85                                     ; --            ; --          ; --                      ;
; MIN_CORE_JUNCTION_TEMP               ; 0                                      ; --            ; --          ; --                      ;
; PARTITION_COLOR                      ; 16764057                               ; --            ; --          ; Top                     ;
; PARTITION_FITTER_PRESERVATION_LEVEL  ; PLACEMENT_AND_ROUTING                  ; --            ; --          ; Top                     ;
; PARTITION_NETLIST_TYPE               ; SOURCE                                 ; --            ; --          ; Top                     ;
; POWER_BOARD_THERMAL_MODEL            ; None (CONSERVATIVE)                    ; --            ; --          ; --                      ;
; POWER_PRESET_COOLING_SOLUTION        ; 23 MM HEAT SINK WITH 200 LFPM AIRFLOW  ; --            ; --          ; --                      ;
; PROJECT_OUTPUT_DIRECTORY             ; output_files                           ; --            ; --          ; --                      ;
+--------------------------------------+----------------------------------------+---------------+-------------+-------------------------+


+-------------------------------------------------------------------------------------------------------------------------------+
; Flow Elapsed Time                                                                                                             ;
+---------------------------+--------------+-------------------------+---------------------+------------------------------------+
; Module Name               ; Elapsed Time ; Average Processors Used ; Peak Virtual Memory ; Total CPU Time (on all processors) ;
+---------------------------+--------------+-------------------------+---------------------+------------------------------------+
; Analysis & Synthesis      ; 00:00:02     ; 1.0                     ; 593 MB              ; 00:00:02                           ;
; Fitter                    ; 00:00:52     ; 1.7                     ; 1970 MB             ; 00:01:13                           ;
; Assembler                 ; 00:00:15     ; 1.0                     ; 662 MB              ; 00:00:13                           ;
; TimeQuest Timing Analyzer ; 00:00:11     ; 1.4                     ; 858 MB              ; 00:00:10                           ;
; EDA Netlist Writer        ; 00:00:02     ; 1.0                     ; 519 MB              ; 00:00:01                           ;
; Total                     ; 00:01:22     ; --                      ; --                  ; 00:01:39                           ;
+---------------------------+--------------+-------------------------+---------------------+------------------------------------+


+----------------------------------------------------------------------------------------+
; Flow OS Summary                                                                        ;
+---------------------------+------------------+-----------+------------+----------------+
; Module Name               ; Machine Hostname ; OS Name   ; OS Version ; Processor type ;
+---------------------------+------------------+-----------+------------+----------------+
; Analysis & Synthesis      ; Lenovo-PC        ; Windows 7 ; 6.2        ; x86_64         ;
; Fitter                    ; Lenovo-PC        ; Windows 7 ; 6.2        ; x86_64         ;
; Assembler                 ; Lenovo-PC        ; Windows 7 ; 6.2        ; x86_64         ;
; TimeQuest Timing Analyzer ; Lenovo-PC        ; Windows 7 ; 6.2        ; x86_64         ;
; EDA Netlist Writer        ; Lenovo-PC        ; Windows 7 ; 6.2        ; x86_64         ;
+---------------------------+------------------+-----------+------------+----------------+


------------
; Flow Log ;
------------
quartus_map --read_settings_files=on --write_settings_files=off vending_machine -c vending_machine
quartus_fit --read_settings_files=off --write_settings_files=off vending_machine -c vending_machine
quartus_asm --read_settings_files=off --write_settings_files=off vending_machine -c vending_machine
quartus_sta vending_machine -c vending_machine
quartus_eda --read_settings_files=off --write_settings_files=off vending_machine -c vending_machine



