Analysis & Synthesis report for vending_machine
Thu Jan 05 16:07:13 2017
Quartus II 64-Bit Version 13.1.0 Build 162 10/23/2013 SJ Full Version


---------------------
; Table of Contents ;
---------------------
  1. Legal Notice
  2. Analysis & Synthesis Summary
  3. Analysis & Synthesis Settings
  4. Parallel Compilation
  5. Analysis & Synthesis Source Files Read
  6. Analysis & Synthesis Resource Usage Summary
  7. Analysis & Synthesis Resource Utilization by Entity
  8. State Machine - |vending_machine|vending_machine_v:inst|sta
  9. Registers Removed During Synthesis
 10. General Register Statistics
 11. Inverted Register Statistics
 12. Multiplexer Restructuring Statistics (Restructuring Performed)
 13. Parameter Settings for User Entity Instance: vending_machine_v:inst
 14. Parameter Settings for Inferred Entity Instance: vending_machine_v:inst|display:output_display|lpm_divide:Mod0
 15. Parameter Settings for Inferred Entity Instance: vending_machine_v:inst|display:output_display|lpm_divide:Mod1
 16. Parameter Settings for Inferred Entity Instance: vending_machine_v:inst|display:output_display|lpm_divide:Mod2
 17. Elapsed Time Per Partition
 18. Analysis & Synthesis Messages



----------------
; Legal Notice ;
----------------
Copyright (C) 1991-2013 Altera Corporation
Your use of Altera Corporation's design tools, logic functions 
and other software and tools, and its AMPP partner logic 
functions, and any output files from any of the foregoing 
(including device programming or simulation files), and any 
associated documentation or information are expressly subject 
to the terms and conditions of the Altera Program License 
Subscription Agreement, Altera MegaCore Function License 
Agreement, or other applicable license agreement, including, 
without limitation, that your use is for the sole purpose of 
programming logic devices manufactured by Altera and sold by 
Altera or its authorized distributors.  Please refer to the 
applicable agreement for further details.



+-------------------------------------------------------------------------------+
; Analysis & Synthesis Summary                                                  ;
+---------------------------------+---------------------------------------------+
; Analysis & Synthesis Status     ; Successful - Thu Jan 05 16:07:13 2017       ;
; Quartus II 64-Bit Version       ; 13.1.0 Build 162 10/23/2013 SJ Full Version ;
; Revision Name                   ; vending_machine                             ;
; Top-level Entity Name           ; vending_machine                             ;
; Family                          ; Cyclone V                                   ;
; Logic utilization (in ALMs)     ; N/A                                         ;
; Total registers                 ; 49                                          ;
; Total pins                      ; 53                                          ;
; Total virtual pins              ; 0                                           ;
; Total block memory bits         ; 0                                           ;
; Total DSP Blocks                ; 0                                           ;
; Total HSSI RX PCSs              ; 0                                           ;
; Total HSSI PMA RX Deserializers ; 0                                           ;
; Total HSSI TX PCSs              ; 0                                           ;
; Total HSSI TX Channels          ; 0                                           ;
; Total PLLs                      ; 0                                           ;
; Total DLLs                      ; 0                                           ;
+---------------------------------+---------------------------------------------+


+---------------------------------------------------------------------------------------------------------------------------+
; Analysis & Synthesis Settings                                                                                             ;
+---------------------------------------------------------------------------------+--------------------+--------------------+
; Option                                                                          ; Setting            ; Default Value      ;
+---------------------------------------------------------------------------------+--------------------+--------------------+
; Device                                                                          ; 5CSEMA5F31C6       ;                    ;
; Top-level entity name                                                           ; vending_machine    ; vending_machine    ;
; Family name                                                                     ; Cyclone V          ; Cyclone IV GX      ;
; Use smart compilation                                                           ; Off                ; Off                ;
; Enable parallel Assembler and TimeQuest Timing Analyzer during compilation      ; On                 ; On                 ;
; Enable compact report table                                                     ; Off                ; Off                ;
; Restructure Multiplexers                                                        ; Auto               ; Auto               ;
; MLAB Add Timing Constraints For Mixed-Port Feed-Through Mode Setting Don't Care ; Off                ; Off                ;
; Create Debugging Nodes for IP Cores                                             ; Off                ; Off                ;
; Preserve fewer node names                                                       ; On                 ; On                 ;
; Disable OpenCore Plus hardware evaluation                                       ; Off                ; Off                ;
; Verilog Version                                                                 ; Verilog_2001       ; Verilog_2001       ;
; VHDL Version                                                                    ; VHDL_1993          ; VHDL_1993          ;
; State Machine Processing                                                        ; Auto               ; Auto               ;
; Safe State Machine                                                              ; Off                ; Off                ;
; Extract Verilog State Machines                                                  ; On                 ; On                 ;
; Extract VHDL State Machines                                                     ; On                 ; On                 ;
; Ignore Verilog initial constructs                                               ; Off                ; Off                ;
; Iteration limit for constant Verilog loops                                      ; 5000               ; 5000               ;
; Iteration limit for non-constant Verilog loops                                  ; 250                ; 250                ;
; Add Pass-Through Logic to Inferred RAMs                                         ; On                 ; On                 ;
; Infer RAMs from Raw Logic                                                       ; On                 ; On                 ;
; Parallel Synthesis                                                              ; On                 ; On                 ;
; DSP Block Balancing                                                             ; Auto               ; Auto               ;
; NOT Gate Push-Back                                                              ; On                 ; On                 ;
; Power-Up Don't Care                                                             ; On                 ; On                 ;
; Remove Redundant Logic Cells                                                    ; Off                ; Off                ;
; Remove Duplicate Registers                                                      ; On                 ; On                 ;
; Ignore CARRY Buffers                                                            ; Off                ; Off                ;
; Ignore CASCADE Buffers                                                          ; Off                ; Off                ;
; Ignore GLOBAL Buffers                                                           ; Off                ; Off                ;
; Ignore ROW GLOBAL Buffers                                                       ; Off                ; Off                ;
; Ignore LCELL Buffers                                                            ; Off                ; Off                ;
; Ignore SOFT Buffers                                                             ; On                 ; On                 ;
; Limit AHDL Integers to 32 Bits                                                  ; Off                ; Off                ;
; Optimization Technique                                                          ; Balanced           ; Balanced           ;
; Carry Chain Length                                                              ; 70                 ; 70                 ;
; Auto Carry Chains                                                               ; On                 ; On                 ;
; Auto Open-Drain Pins                                                            ; On                 ; On                 ;
; Perform WYSIWYG Primitive Resynthesis                                           ; Off                ; Off                ;
; Auto ROM Replacement                                                            ; On                 ; On                 ;
; Auto RAM Replacement                                                            ; On                 ; On                 ;
; Auto DSP Block Replacement                                                      ; On                 ; On                 ;
; Auto Shift Register Replacement                                                 ; Auto               ; Auto               ;
; Allow Shift Register Merging across Hierarchies                                 ; Auto               ; Auto               ;
; Auto Clock Enable Replacement                                                   ; On                 ; On                 ;
; Strict RAM Replacement                                                          ; Off                ; Off                ;
; Allow Synchronous Control Signals                                               ; On                 ; On                 ;
; Force Use of Synchronous Clear Signals                                          ; Off                ; Off                ;
; Auto Resource Sharing                                                           ; Off                ; Off                ;
; Allow Any RAM Size For Recognition                                              ; Off                ; Off                ;
; Allow Any ROM Size For Recognition                                              ; Off                ; Off                ;
; Allow Any Shift Register Size For Recognition                                   ; Off                ; Off                ;
; Use LogicLock Constraints during Resource Balancing                             ; On                 ; On                 ;
; Ignore translate_off and synthesis_off directives                               ; Off                ; Off                ;
; Timing-Driven Synthesis                                                         ; On                 ; On                 ;
; Report Parameter Settings                                                       ; On                 ; On                 ;
; Report Source Assignments                                                       ; On                 ; On                 ;
; Report Connectivity Checks                                                      ; On                 ; On                 ;
; Ignore Maximum Fan-Out Assignments                                              ; Off                ; Off                ;
; Synchronization Register Chain Length                                           ; 3                  ; 3                  ;
; PowerPlay Power Optimization                                                    ; Normal compilation ; Normal compilation ;
; HDL message level                                                               ; Level2             ; Level2             ;
; Suppress Register Optimization Related Messages                                 ; Off                ; Off                ;
; Number of Removed Registers Reported in Synthesis Report                        ; 5000               ; 5000               ;
; Number of Swept Nodes Reported in Synthesis Report                              ; 5000               ; 5000               ;
; Number of Inverted Registers Reported in Synthesis Report                       ; 100                ; 100                ;
; Clock MUX Protection                                                            ; On                 ; On                 ;
; Auto Gated Clock Conversion                                                     ; Off                ; Off                ;
; Block Design Naming                                                             ; Auto               ; Auto               ;
; SDC constraint protection                                                       ; Off                ; Off                ;
; Synthesis Effort                                                                ; Auto               ; Auto               ;
; Shift Register Replacement - Allow Asynchronous Clear Signal                    ; On                 ; On                 ;
; Pre-Mapping Resynthesis Optimization                                            ; Off                ; Off                ;
; Analysis & Synthesis Message Level                                              ; Medium             ; Medium             ;
; Disable Register Merging Across Hierarchies                                     ; Auto               ; Auto               ;
; Resource Aware Inference For Block RAM                                          ; On                 ; On                 ;
; Synthesis Seed                                                                  ; 1                  ; 1                  ;
; Automatic Parallel Synthesis                                                    ; On                 ; On                 ;
+---------------------------------------------------------------------------------+--------------------+--------------------+


+------------------------------------------+
; Parallel Compilation                     ;
+----------------------------+-------------+
; Processors                 ; Number      ;
+----------------------------+-------------+
; Number detected on machine ; 8           ;
; Maximum allowed            ; 4           ;
;                            ;             ;
; Average used               ; 1.00        ;
; Maximum used               ; 1           ;
;                            ;             ;
; Usage by Processor         ; % Time Used ;
;     Processor 1            ; 100.0%      ;
;     Processors 2-8         ;   0.0%      ;
+----------------------------+-------------+


+---------------------------------------------------------------------------------------------------------------------------------------------------------------------------------+
; Analysis & Synthesis Source Files Read                                                                                                                                          ;
+----------------------------------+-----------------+------------------------------------+-----------------------------------------------------------------------------+---------+
; File Name with User-Entered Path ; Used in Netlist ; File Type                          ; File Name with Absolute Path                                                ; Library ;
+----------------------------------+-----------------+------------------------------------+-----------------------------------------------------------------------------+---------+
; vending_machine.v                ; yes             ; User Verilog HDL File              ; E:/learning/courses/digital/FPGA/vending_machine/vending_machine.v          ;         ;
; vending_machine.bdf              ; yes             ; User Block Diagram/Schematic File  ; E:/learning/courses/digital/FPGA/vending_machine/vending_machine.bdf        ;         ;
; lpm_divide.tdf                   ; yes             ; Megafunction                       ; g:/software/quartus_sub/quartus/libraries/megafunctions/lpm_divide.tdf      ;         ;
; abs_divider.inc                  ; yes             ; Megafunction                       ; g:/software/quartus_sub/quartus/libraries/megafunctions/abs_divider.inc     ;         ;
; sign_div_unsign.inc              ; yes             ; Megafunction                       ; g:/software/quartus_sub/quartus/libraries/megafunctions/sign_div_unsign.inc ;         ;
; aglobal131.inc                   ; yes             ; Megafunction                       ; g:/software/quartus_sub/quartus/libraries/megafunctions/aglobal131.inc      ;         ;
; db/lpm_divide_42m.tdf            ; yes             ; Auto-Generated Megafunction        ; E:/learning/courses/digital/FPGA/vending_machine/db/lpm_divide_42m.tdf      ;         ;
; db/sign_div_unsign_7kh.tdf       ; yes             ; Auto-Generated Megafunction        ; E:/learning/courses/digital/FPGA/vending_machine/db/sign_div_unsign_7kh.tdf ;         ;
; db/alt_u_div_kse.tdf             ; yes             ; Auto-Generated Megafunction        ; E:/learning/courses/digital/FPGA/vending_machine/db/alt_u_div_kse.tdf       ;         ;
+----------------------------------+-----------------+------------------------------------+-----------------------------------------------------------------------------+---------+


+--------------------------------------------------------------+
; Analysis & Synthesis Resource Usage Summary                  ;
+---------------------------------------------+----------------+
; Resource                                    ; Usage          ;
+---------------------------------------------+----------------+
; Estimate of Logic utilization (ALMs needed) ; 77             ;
;                                             ;                ;
; Combinational ALUT usage for logic          ; 132            ;
;     -- 7 input functions                    ; 2              ;
;     -- 6 input functions                    ; 18             ;
;     -- 5 input functions                    ; 19             ;
;     -- 4 input functions                    ; 52             ;
;     -- <=3 input functions                  ; 41             ;
;                                             ;                ;
; Dedicated logic registers                   ; 49             ;
;                                             ;                ;
; I/O pins                                    ; 53             ;
; Total DSP Blocks                            ; 0              ;
; Maximum fan-out node                        ; CLOCK_50~input ;
; Maximum fan-out                             ; 49             ;
; Total fan-out                               ; 762            ;
; Average fan-out                             ; 2.66           ;
+---------------------------------------------+----------------+


+------------------------------------------------------------------------------------------------------------------------------------------------------------------------------------------------------------------------------------------------------------------------------------------------------------------------+
; Analysis & Synthesis Resource Utilization by Entity                                                                                                                                                                                                                                                                    ;
+----------------------------------------------+-------------------+--------------+-------------------+------------+------+--------------+----------------------------------------------------------------------------------------------------------------------------------------------------------------+--------------+
; Compilation Hierarchy Node                   ; LC Combinationals ; LC Registers ; Block Memory Bits ; DSP Blocks ; Pins ; Virtual Pins ; Full Hierarchy Name                                                                                                                                            ; Library Name ;
+----------------------------------------------+-------------------+--------------+-------------------+------------+------+--------------+----------------------------------------------------------------------------------------------------------------------------------------------------------------+--------------+
; |vending_machine                             ; 132 (0)           ; 49 (0)       ; 0                 ; 0          ; 53   ; 0            ; |vending_machine                                                                                                                                               ; work         ;
;    |vending_machine_v:inst|                  ; 132 (79)          ; 49 (49)      ; 0                 ; 0          ; 0    ; 0            ; |vending_machine|vending_machine_v:inst                                                                                                                        ; work         ;
;       |display:output_display|               ; 53 (0)            ; 0 (0)        ; 0                 ; 0          ; 0    ; 0            ; |vending_machine|vending_machine_v:inst|display:output_display                                                                                                 ; work         ;
;          |lpm_divide:Mod0|                   ; 9 (0)             ; 0 (0)        ; 0                 ; 0          ; 0    ; 0            ; |vending_machine|vending_machine_v:inst|display:output_display|lpm_divide:Mod0                                                                                 ; work         ;
;             |lpm_divide_42m:auto_generated|  ; 9 (0)             ; 0 (0)        ; 0                 ; 0          ; 0    ; 0            ; |vending_machine|vending_machine_v:inst|display:output_display|lpm_divide:Mod0|lpm_divide_42m:auto_generated                                                   ; work         ;
;                |sign_div_unsign_7kh:divider| ; 9 (0)             ; 0 (0)        ; 0                 ; 0          ; 0    ; 0            ; |vending_machine|vending_machine_v:inst|display:output_display|lpm_divide:Mod0|lpm_divide_42m:auto_generated|sign_div_unsign_7kh:divider                       ; work         ;
;                   |alt_u_div_kse:divider|    ; 9 (9)             ; 0 (0)        ; 0                 ; 0          ; 0    ; 0            ; |vending_machine|vending_machine_v:inst|display:output_display|lpm_divide:Mod0|lpm_divide_42m:auto_generated|sign_div_unsign_7kh:divider|alt_u_div_kse:divider ; work         ;
;          |lpm_divide:Mod1|                   ; 10 (0)            ; 0 (0)        ; 0                 ; 0          ; 0    ; 0            ; |vending_machine|vending_machine_v:inst|display:output_display|lpm_divide:Mod1                                                                                 ; work         ;
;             |lpm_divide_42m:auto_generated|  ; 10 (0)            ; 0 (0)        ; 0                 ; 0          ; 0    ; 0            ; |vending_machine|vending_machine_v:inst|display:output_display|lpm_divide:Mod1|lpm_divide_42m:auto_generated                                                   ; work         ;
;                |sign_div_unsign_7kh:divider| ; 10 (0)            ; 0 (0)        ; 0                 ; 0          ; 0    ; 0            ; |vending_machine|vending_machine_v:inst|display:output_display|lpm_divide:Mod1|lpm_divide_42m:auto_generated|sign_div_unsign_7kh:divider                       ; work         ;
;                   |alt_u_div_kse:divider|    ; 10 (10)           ; 0 (0)        ; 0                 ; 0          ; 0    ; 0            ; |vending_machine|vending_machine_v:inst|display:output_display|lpm_divide:Mod1|lpm_divide_42m:auto_generated|sign_div_unsign_7kh:divider|alt_u_div_kse:divider ; work         ;
;          |lpm_divide:Mod2|                   ; 10 (0)            ; 0 (0)        ; 0                 ; 0          ; 0    ; 0            ; |vending_machine|vending_machine_v:inst|display:output_display|lpm_divide:Mod2                                                                                 ; work         ;
;             |lpm_divide_42m:auto_generated|  ; 10 (0)            ; 0 (0)        ; 0                 ; 0          ; 0    ; 0            ; |vending_machine|vending_machine_v:inst|display:output_display|lpm_divide:Mod2|lpm_divide_42m:auto_generated                                                   ; work         ;
;                |sign_div_unsign_7kh:divider| ; 10 (0)            ; 0 (0)        ; 0                 ; 0          ; 0    ; 0            ; |vending_machine|vending_machine_v:inst|display:output_display|lpm_divide:Mod2|lpm_divide_42m:auto_generated|sign_div_unsign_7kh:divider                       ; work         ;
;                   |alt_u_div_kse:divider|    ; 10 (10)           ; 0 (0)        ; 0                 ; 0          ; 0    ; 0            ; |vending_machine|vending_machine_v:inst|display:output_display|lpm_divide:Mod2|lpm_divide_42m:auto_generated|sign_div_unsign_7kh:divider|alt_u_div_kse:divider ; work         ;
;          |sevenseg:LED8_in0_high|            ; 1 (1)             ; 0 (0)        ; 0                 ; 0          ; 0    ; 0            ; |vending_machine|vending_machine_v:inst|display:output_display|sevenseg:LED8_in0_high                                                                          ; work         ;
;          |sevenseg:LED8_in0_low|             ; 7 (7)             ; 0 (0)        ; 0                 ; 0          ; 0    ; 0            ; |vending_machine|vending_machine_v:inst|display:output_display|sevenseg:LED8_in0_low                                                                           ; work         ;
;          |sevenseg:LED8_in1_high|            ; 1 (1)             ; 0 (0)        ; 0                 ; 0          ; 0    ; 0            ; |vending_machine|vending_machine_v:inst|display:output_display|sevenseg:LED8_in1_high                                                                          ; work         ;
;          |sevenseg:LED8_in1_low|             ; 7 (7)             ; 0 (0)        ; 0                 ; 0          ; 0    ; 0            ; |vending_machine|vending_machine_v:inst|display:output_display|sevenseg:LED8_in1_low                                                                           ; work         ;
;          |sevenseg:LED8_out0_high|           ; 1 (1)             ; 0 (0)        ; 0                 ; 0          ; 0    ; 0            ; |vending_machine|vending_machine_v:inst|display:output_display|sevenseg:LED8_out0_high                                                                         ; work         ;
;          |sevenseg:LED8_out0_low|            ; 7 (7)             ; 0 (0)        ; 0                 ; 0          ; 0    ; 0            ; |vending_machine|vending_machine_v:inst|display:output_display|sevenseg:LED8_out0_low                                                                          ; work         ;
+----------------------------------------------+-------------------+--------------+-------------------+------------+------+--------------+----------------------------------------------------------------------------------------------------------------------------------------------------------------+--------------+
Note: For table entries with two numbers listed, the numbers in parentheses indicate the number of resources of the given type used by the specific entity alone. The numbers listed outside of parentheses indicate the total resources of the given type used by the specific entity and all of its sub-entities in the hierarchy.


Encoding Type:  One-Hot
+-------------------------------------------------------------------------------------------------------------------------------------------------+
; State Machine - |vending_machine|vending_machine_v:inst|sta                                                                                     ;
+---------------------+--------------+-----------+--------------+---------------------+--------------+-------------+-----------------+------------+
; Name                ; sta.S_select ; sta.S_out ; sta.S_change ; sta.S_requirechange ; sta.S_enough ; sta.S_money ; sta.S_allselled ; sta.S_init ;
+---------------------+--------------+-----------+--------------+---------------------+--------------+-------------+-----------------+------------+
; sta.S_init          ; 0            ; 0         ; 0            ; 0                   ; 0            ; 0           ; 0               ; 0          ;
; sta.S_allselled     ; 0            ; 0         ; 0            ; 0                   ; 0            ; 0           ; 1               ; 1          ;
; sta.S_money         ; 0            ; 0         ; 0            ; 0                   ; 0            ; 1           ; 0               ; 1          ;
; sta.S_enough        ; 0            ; 0         ; 0            ; 0                   ; 1            ; 0           ; 0               ; 1          ;
; sta.S_requirechange ; 0            ; 0         ; 0            ; 1                   ; 0            ; 0           ; 0               ; 1          ;
; sta.S_change        ; 0            ; 0         ; 1            ; 0                   ; 0            ; 0           ; 0               ; 1          ;
; sta.S_out           ; 0            ; 1         ; 0            ; 0                   ; 0            ; 0           ; 0               ; 1          ;
; sta.S_select        ; 1            ; 0         ; 0            ; 0                   ; 0            ; 0           ; 0               ; 1          ;
+---------------------+--------------+-----------+--------------+---------------------+--------------+-------------+-----------------+------------+


+------------------------------------------------------------+
; Registers Removed During Synthesis                         ;
+---------------------------------------+--------------------+
; Register name                         ; Reason for Removal ;
+---------------------------------------+--------------------+
; vending_machine_v:inst|sta~12         ; Lost fanout        ;
; vending_machine_v:inst|sta~13         ; Lost fanout        ;
; vending_machine_v:inst|sta~14         ; Lost fanout        ;
; vending_machine_v:inst|sta.S_out      ; Lost fanout        ;
; Total Number of Removed Registers = 4 ;                    ;
+---------------------------------------+--------------------+


+------------------------------------------------------+
; General Register Statistics                          ;
+----------------------------------------------+-------+
; Statistic                                    ; Value ;
+----------------------------------------------+-------+
; Total registers                              ; 49    ;
; Number of registers using Synchronous Clear  ; 4     ;
; Number of registers using Synchronous Load   ; 4     ;
; Number of registers using Asynchronous Clear ; 7     ;
; Number of registers using Asynchronous Load  ; 0     ;
; Number of registers using Clock Enable       ; 40    ;
; Number of registers using Preset             ; 0     ;
+----------------------------------------------+-------+


+---------------------------------------------------+
; Inverted Register Statistics                      ;
+-----------------------------------------+---------+
; Inverted Register                       ; Fan out ;
+-----------------------------------------+---------+
; vending_machine_v:inst|left4[1]         ; 6       ;
; vending_machine_v:inst|left4[0]         ; 7       ;
; vending_machine_v:inst|left3[1]         ; 6       ;
; vending_machine_v:inst|left3[0]         ; 7       ;
; vending_machine_v:inst|left1[1]         ; 6       ;
; vending_machine_v:inst|left1[0]         ; 7       ;
; vending_machine_v:inst|left2[3]         ; 4       ;
; vending_machine_v:inst|left2[2]         ; 5       ;
; vending_machine_v:inst|left2[1]         ; 6       ;
; vending_machine_v:inst|left2[0]         ; 7       ;
; Total number of inverted registers = 10 ;         ;
+-----------------------------------------+---------+


+--------------------------------------------------------------------------------------------------------------------------------------------------------------------+
; Multiplexer Restructuring Statistics (Restructuring Performed)                                                                                                     ;
+--------------------+-----------+---------------+----------------------+------------------------+------------+------------------------------------------------------+
; Multiplexer Inputs ; Bus Width ; Baseline Area ; Area if Restructured ; Saving if Restructured ; Registered ; Example Multiplexer Output                           ;
+--------------------+-----------+---------------+----------------------+------------------------+------------+------------------------------------------------------+
; 5:1                ; 4 bits    ; 12 LEs        ; 8 LEs                ; 4 LEs                  ; Yes        ; |vending_machine|vending_machine_v:inst|change[3]    ;
; 6:1                ; 4 bits    ; 16 LEs        ; 8 LEs                ; 8 LEs                  ; Yes        ; |vending_machine|vending_machine_v:inst|money_sum[0] ;
; 7:1                ; 2 bits    ; 8 LEs         ; 6 LEs                ; 2 LEs                  ; No         ; |vending_machine|vending_machine_v:inst|Selector23   ;
; 9:1                ; 2 bits    ; 12 LEs        ; 8 LEs                ; 4 LEs                  ; No         ; |vending_machine|vending_machine_v:inst|Selector19   ;
+--------------------+-----------+---------------+----------------------+------------------------+------------+------------------------------------------------------+


+---------------------------------------------------------------------+
; Parameter Settings for User Entity Instance: vending_machine_v:inst ;
+-----------------+-------+-------------------------------------------+
; Parameter Name  ; Value ; Type                                      ;
+-----------------+-------+-------------------------------------------+
; S_select        ; 0000  ; Unsigned Binary                           ;
; S_confirm       ; 0001  ; Unsigned Binary                           ;
; S_allselled     ; 0010  ; Unsigned Binary                           ;
; S_money         ; 0011  ; Unsigned Binary                           ;
; S_enough        ; 0100  ; Unsigned Binary                           ;
; S_requirechange ; 0101  ; Unsigned Binary                           ;
; S_change        ; 0110  ; Unsigned Binary                           ;
; S_out           ; 0111  ; Unsigned Binary                           ;
; S_init          ; 1000  ; Unsigned Binary                           ;
+-----------------+-------+-------------------------------------------+
Note: In order to hide this table in the UI and the text report file, please set the "Show Parameter Settings in Synthesis Report" option in "Analysis and Synthesis Settings -> More Settings" to "Off".


+----------------------------------------------------------------------------------------------------------------+
; Parameter Settings for Inferred Entity Instance: vending_machine_v:inst|display:output_display|lpm_divide:Mod0 ;
+------------------------+----------------+----------------------------------------------------------------------+
; Parameter Name         ; Value          ; Type                                                                 ;
+------------------------+----------------+----------------------------------------------------------------------+
; LPM_WIDTHN             ; 4              ; Untyped                                                              ;
; LPM_WIDTHD             ; 4              ; Untyped                                                              ;
; LPM_NREPRESENTATION    ; UNSIGNED       ; Untyped                                                              ;
; LPM_DREPRESENTATION    ; UNSIGNED       ; Untyped                                                              ;
; LPM_PIPELINE           ; 0              ; Untyped                                                              ;
; LPM_REMAINDERPOSITIVE  ; TRUE           ; Untyped                                                              ;
; MAXIMIZE_SPEED         ; 5              ; Untyped                                                              ;
; CBXI_PARAMETER         ; lpm_divide_42m ; Untyped                                                              ;
; CARRY_CHAIN            ; MANUAL         ; Untyped                                                              ;
; OPTIMIZE_FOR_SPEED     ; 5              ; Untyped                                                              ;
; AUTO_CARRY_CHAINS      ; ON             ; AUTO_CARRY                                                           ;
; IGNORE_CARRY_BUFFERS   ; OFF            ; IGNORE_CARRY                                                         ;
; AUTO_CASCADE_CHAINS    ; ON             ; AUTO_CASCADE                                                         ;
; IGNORE_CASCADE_BUFFERS ; OFF            ; IGNORE_CASCADE                                                       ;
+------------------------+----------------+----------------------------------------------------------------------+
Note: In order to hide this table in the UI and the text report file, please set the "Show Parameter Settings in Synthesis Report" option in "Analysis and Synthesis Settings -> More Settings" to "Off".


+----------------------------------------------------------------------------------------------------------------+
; Parameter Settings for Inferred Entity Instance: vending_machine_v:inst|display:output_display|lpm_divide:Mod1 ;
+------------------------+----------------+----------------------------------------------------------------------+
; Parameter Name         ; Value          ; Type                                                                 ;
+------------------------+----------------+----------------------------------------------------------------------+
; LPM_WIDTHN             ; 4              ; Untyped                                                              ;
; LPM_WIDTHD             ; 4              ; Untyped                                                              ;
; LPM_NREPRESENTATION    ; UNSIGNED       ; Untyped                                                              ;
; LPM_DREPRESENTATION    ; UNSIGNED       ; Untyped                                                              ;
; LPM_PIPELINE           ; 0              ; Untyped                                                              ;
; LPM_REMAINDERPOSITIVE  ; TRUE           ; Untyped                                                              ;
; MAXIMIZE_SPEED         ; 5              ; Untyped                                                              ;
; CBXI_PARAMETER         ; lpm_divide_42m ; Untyped                                                              ;
; CARRY_CHAIN            ; MANUAL         ; Untyped                                                              ;
; OPTIMIZE_FOR_SPEED     ; 5              ; Untyped                                                              ;
; AUTO_CARRY_CHAINS      ; ON             ; AUTO_CARRY                                                           ;
; IGNORE_CARRY_BUFFERS   ; OFF            ; IGNORE_CARRY                                                         ;
; AUTO_CASCADE_CHAINS    ; ON             ; AUTO_CASCADE                                                         ;
; IGNORE_CASCADE_BUFFERS ; OFF            ; IGNORE_CASCADE                                                       ;
+------------------------+----------------+----------------------------------------------------------------------+
Note: In order to hide this table in the UI and the text report file, please set the "Show Parameter Settings in Synthesis Report" option in "Analysis and Synthesis Settings -> More Settings" to "Off".


+----------------------------------------------------------------------------------------------------------------+
; Parameter Settings for Inferred Entity Instance: vending_machine_v:inst|display:output_display|lpm_divide:Mod2 ;
+------------------------+----------------+----------------------------------------------------------------------+
; Parameter Name         ; Value          ; Type                                                                 ;
+------------------------+----------------+----------------------------------------------------------------------+
; LPM_WIDTHN             ; 4              ; Untyped                                                              ;
; LPM_WIDTHD             ; 4              ; Untyped                                                              ;
; LPM_NREPRESENTATION    ; UNSIGNED       ; Untyped                                                              ;
; LPM_DREPRESENTATION    ; UNSIGNED       ; Untyped                                                              ;
; LPM_PIPELINE           ; 0              ; Untyped                                                              ;
; LPM_REMAINDERPOSITIVE  ; TRUE           ; Untyped                                                              ;
; MAXIMIZE_SPEED         ; 5              ; Untyped                                                              ;
; CBXI_PARAMETER         ; lpm_divide_42m ; Untyped                                                              ;
; CARRY_CHAIN            ; MANUAL         ; Untyped                                                              ;
; OPTIMIZE_FOR_SPEED     ; 5              ; Untyped                                                              ;
; AUTO_CARRY_CHAINS      ; ON             ; AUTO_CARRY                                                           ;
; IGNORE_CARRY_BUFFERS   ; OFF            ; IGNORE_CARRY                                                         ;
; AUTO_CASCADE_CHAINS    ; ON             ; AUTO_CASCADE                                                         ;
; IGNORE_CASCADE_BUFFERS ; OFF            ; IGNORE_CASCADE                                                       ;
+------------------------+----------------+----------------------------------------------------------------------+
Note: In order to hide this table in the UI and the text report file, please set the "Show Parameter Settings in Synthesis Report" option in "Analysis and Synthesis Settings -> More Settings" to "Off".


+-------------------------------+
; Elapsed Time Per Partition    ;
+----------------+--------------+
; Partition Name ; Elapsed Time ;
+----------------+--------------+
; Top            ; 00:00:01     ;
+----------------+--------------+


+-------------------------------+
; Analysis & Synthesis Messages ;
+-------------------------------+
Info: *******************************************************************
Info: Running Quartus II 64-Bit Analysis & Synthesis
    Info: Version 13.1.0 Build 162 10/23/2013 SJ Full Version
    Info: Processing started: Thu Jan 05 16:07:10 2017
Info: Command: quartus_map --read_settings_files=on --write_settings_files=off vending_machine -c vending_machine
Info (11104): Parallel Compilation has detected 8 hyper-threaded processors. However, the extra hyper-threaded processors will not be used by default. Parallel Compilation will use 4 of the 4 physical processors detected instead.
Info (12021): Found 3 design units, including 3 entities, in source file vending_machine.v
    Info (12023): Found entity 1: vending_machine_v
    Info (12023): Found entity 2: display
    Info (12023): Found entity 3: sevenseg
Info (12021): Found 1 design units, including 1 entities, in source file vending_machine.bdf
    Info (12023): Found entity 1: vending_machine
Warning (10227): Verilog HDL Port Declaration warning at vending_machine.v(234): data type declaration for "ledsegments" declares packed dimensions but the port declaration declaration does not
Info (10499): HDL info at vending_machine.v(233): see declaration for object "ledsegments"
Info (12127): Elaborating entity "vending_machine" for the top level hierarchy
Info (12128): Elaborating entity "vending_machine_v" for hierarchy "vending_machine_v:inst"
Warning (10036): Verilog HDL or VHDL warning at vending_machine.v(10): object "out" assigned a value but never read
Info (10264): Verilog HDL Case Statement information at vending_machine.v(44): all case item expressions in this case statement are onehot
Warning (10230): Verilog HDL assignment warning at vending_machine.v(134): truncated value with size 32 to match size of target (4)
Warning (10230): Verilog HDL assignment warning at vending_machine.v(140): truncated value with size 32 to match size of target (4)
Warning (10230): Verilog HDL assignment warning at vending_machine.v(146): truncated value with size 32 to match size of target (4)
Warning (10230): Verilog HDL assignment warning at vending_machine.v(152): truncated value with size 32 to match size of target (4)
Warning (10230): Verilog HDL assignment warning at vending_machine.v(161): truncated value with size 32 to match size of target (6)
Warning (10230): Verilog HDL assignment warning at vending_machine.v(163): truncated value with size 32 to match size of target (6)
Warning (10230): Verilog HDL assignment warning at vending_machine.v(165): truncated value with size 32 to match size of target (6)
Warning (10230): Verilog HDL assignment warning at vending_machine.v(167): truncated value with size 32 to match size of target (6)
Info (12128): Elaborating entity "display" for hierarchy "vending_machine_v:inst|display:output_display"
Warning (10230): Verilog HDL assignment warning at vending_machine.v(216): truncated value with size 32 to match size of target (4)
Warning (10230): Verilog HDL assignment warning at vending_machine.v(217): truncated value with size 32 to match size of target (4)
Warning (10230): Verilog HDL assignment warning at vending_machine.v(218): truncated value with size 32 to match size of target (4)
Warning (10230): Verilog HDL assignment warning at vending_machine.v(219): truncated value with size 32 to match size of target (4)
Warning (10230): Verilog HDL assignment warning at vending_machine.v(220): truncated value with size 32 to match size of target (4)
Warning (10230): Verilog HDL assignment warning at vending_machine.v(221): truncated value with size 32 to match size of target (4)
Info (12128): Elaborating entity "sevenseg" for hierarchy "vending_machine_v:inst|display:output_display|sevenseg:LED8_in0_low"
Info (278001): Inferred 3 megafunctions from design logic
    Info (278004): Inferred divider/modulo megafunction ("lpm_divide") from the following logic: "vending_machine_v:inst|display:output_display|Mod0"
    Info (278004): Inferred divider/modulo megafunction ("lpm_divide") from the following logic: "vending_machine_v:inst|display:output_display|Mod1"
    Info (278004): Inferred divider/modulo megafunction ("lpm_divide") from the following logic: "vending_machine_v:inst|display:output_display|Mod2"
Info (12130): Elaborated megafunction instantiation "vending_machine_v:inst|display:output_display|lpm_divide:Mod0"
Info (12133): Instantiated megafunction "vending_machine_v:inst|display:output_display|lpm_divide:Mod0" with the following parameter:
    Info (12134): Parameter "LPM_WIDTHN" = "4"
    Info (12134): Parameter "LPM_WIDTHD" = "4"
    Info (12134): Parameter "LPM_NREPRESENTATION" = "UNSIGNED"
    Info (12134): Parameter "LPM_DREPRESENTATION" = "UNSIGNED"
Info (12021): Found 1 design units, including 1 entities, in source file db/lpm_divide_42m.tdf
    Info (12023): Found entity 1: lpm_divide_42m
Info (12021): Found 1 design units, including 1 entities, in source file db/sign_div_unsign_7kh.tdf
    Info (12023): Found entity 1: sign_div_unsign_7kh
Info (12021): Found 1 design units, including 1 entities, in source file db/alt_u_div_kse.tdf
    Info (12023): Found entity 1: alt_u_div_kse
Warning (13024): Output pins are stuck at VCC or GND
    Warning (13410): Pin "HEX1[6]" is stuck at VCC
    Warning (13410): Pin "HEX1[2]" is stuck at GND
    Warning (13410): Pin "HEX1[1]" is stuck at GND
    Warning (13410): Pin "HEX3[6]" is stuck at VCC
    Warning (13410): Pin "HEX3[2]" is stuck at GND
    Warning (13410): Pin "HEX3[1]" is stuck at GND
    Warning (13410): Pin "HEX5[6]" is stuck at VCC
    Warning (13410): Pin "HEX5[2]" is stuck at GND
    Warning (13410): Pin "HEX5[1]" is stuck at GND
Info (286030): Timing-Driven Synthesis is running
Info (17049): 4 registers lost all their fanouts during netlist optimizations.
Info (16010): Generating hard_block partition "hard_block:auto_generated_inst"
    Info (16011): Adding 0 node(s), including 0 DDIO, 0 PLL, 0 transceiver and 0 LCELL
Info (21057): Implemented 186 device resources after synthesis - the final resource count might be different
    Info (21058): Implemented 11 input pins
    Info (21059): Implemented 42 output pins
    Info (21061): Implemented 133 logic cells
Info: Quartus II 64-Bit Analysis & Synthesis was successful. 0 errors, 26 warnings
    Info: Peak virtual memory: 593 megabytes
    Info: Processing ended: Thu Jan 05 16:07:13 2017
    Info: Elapsed time: 00:00:03
    Info: Total CPU time (on all processors): 00:00:02


